<?xml version="1.0" encoding="UTF-8"?>
<testsuite name="Tanks.SampleTest" tests="1" skipped="0" failures="0" errors="0" timestamp="2024-05-21T06:03:39" hostname="stinays-mbp.staff.wireless.sydney.edu.au" time="0.0">
  <properties/>
  <testcase name="simpleTest()" classname="Tanks.SampleTest" time="0.0"/>
  <system-out><![CDATA[]]></system-out>
  <system-err><![CDATA[]]></system-err>
</testsuite>
